<?xml version="1.0" encoding="UTF-8"?>
<testng-results ignored="0" total="1" passed="1" failed="0" skipped="0">
  <reporter-output>
  </reporter-output>
  <suite started-at="2023-07-24T16:45:55 IST" name="Default suite" finished-at="2023-07-24T16:46:18 IST" duration-ms="23046">
    <groups>
    </groups>
    <test started-at="2023-07-24T16:45:55 IST" name="Default test" finished-at="2023-07-24T16:46:18 IST" duration-ms="23046">
      <class name="mvnId.OrangeClass">
        <test-method is-config="true" signature="intiliseBroser()[pri:0, instance:mvnId.OrangeClass@73e9cf30]" started-at="2023-07-24T16:45:55 IST" name="intiliseBroser" finished-at="2023-07-24T16:46:16 IST" duration-ms="21496" status="PASS">
          <reporter-output>
          </reporter-output>
        </test-method> <!-- intiliseBroser -->
        <test-method signature="logInHRM()[pri:0, instance:mvnId.OrangeClass@73e9cf30]" started-at="2023-07-24T16:46:16 IST" name="logInHRM" finished-at="2023-07-24T16:46:18 IST" duration-ms="1380" status="PASS">
          <reporter-output>
          </reporter-output>
        </test-method> <!-- logInHRM -->
        <test-method is-config="true" signature="closeBroser()[pri:0, instance:mvnId.OrangeClass@73e9cf30]" started-at="2023-07-24T16:46:18 IST" name="closeBroser" finished-at="2023-07-24T16:46:18 IST" duration-ms="126" status="PASS">
          <reporter-output>
          </reporter-output>
        </test-method> <!-- closeBroser -->
      </class> <!-- mvnId.OrangeClass -->
    </test> <!-- Default test -->
  </suite> <!-- Default suite -->
</testng-results>
